<?xml version="1.0" encoding="UTF-8"?>
<coverage generated="1671726322793" clover="3.2.0">
  <project timestamp="1671726322793" name="All files">
    <metrics statements="18" coveredstatements="2" conditionals="0" coveredconditionals="0" methods="7" coveredmethods="0" elements="25" coveredelements="2" complexity="0" loc="18" ncloc="18" packages="1" files="1" classes="1"/>
    <file name="userActions.js" path="/Users/mutai/To-Do-list/src/modules/userActions.js">
      <metrics statements="18" coveredstatements="2" conditionals="0" coveredconditionals="0" methods="7" coveredmethods="0"/>
      <line num="3" count="1" type="stmt"/>
      <line num="4" count="0" type="stmt"/>
      <line num="5" count="0" type="stmt"/>
      <line num="6" count="0" type="stmt"/>
      <line num="7" count="0" type="stmt"/>
      <line num="8" count="0" type="stmt"/>
      <line num="9" count="0" type="stmt"/>
      <line num="10" count="0" type="stmt"/>
      <line num="16" count="1" type="stmt"/>
      <line num="17" count="0" type="stmt"/>
      <line num="18" count="0" type="stmt"/>
      <line num="19" count="0" type="stmt"/>
      <line num="20" count="0" type="stmt"/>
      <line num="21" count="0" type="stmt"/>
      <line num="22" count="0" type="stmt"/>
      <line num="23" count="0" type="stmt"/>
      <line num="25" count="0" type="stmt"/>
      <line num="26" count="0" type="stmt"/>
    </file>
  </project>
</coverage>
