{"/Users/mutai/To-Do-list/src/modules/userActions.js": {"path":"/Users/mutai/To-Do-list/src/modules/userActions.js","statementMap":{"0":{"start":{"line":3,"column":17},"end":{"line":13,"column":3}},"1":{"start":{"line":4,"column":17},"end":{"line":4,"column":48}},"2":{"start":{"line":5,"column":23},"end":{"line":5,"column":72}},"3":{"start":{"line":6,"column":4},"end":{"line":12,"column":7}},"4":{"start":{"line":7,"column":6},"end":{"line":11,"column":9}},"5":{"start":{"line":8,"column":8},"end":{"line":8,"column":48}},"6":{"start":{"line":9,"column":8},"end":{"line":9,"column":57}},"7":{"start":{"line":10,"column":8},"end":{"line":10,"column":61}},"8":{"start":{"line":16,"column":22},"end":{"line":30,"column":3}},"9":{"start":{"line":17,"column":24},"end":{"line":17,"column":66}},"10":{"start":{"line":18,"column":4},"end":{"line":29,"column":5}},"11":{"start":{"line":19,"column":6},"end":{"line":28,"column":9}},"12":{"start":{"line":20,"column":31},"end":{"line":20,"column":73}},"13":{"start":{"line":20,"column":57},"end":{"line":20,"column":72}},"14":{"start":{"line":21,"column":31},"end":{"line":21,"column":33}},"15":{"start":{"line":22,"column":8},"end":{"line":25,"column":11}},"16":{"start":{"line":23,"column":32},"end":{"line":23,"column":75}},"17":{"start":{"line":24,"column":10},"end":{"line":24,"column":45}},"18":{"start":{"line":26,"column":8},"end":{"line":26,"column":70}},"19":{"start":{"line":27,"column":8},"end":{"line":27,"column":35}}},"fnMap":{"0":{"name":"(anonymous_0)","decl":{"start":{"line":3,"column":17},"end":{"line":3,"column":18}},"loc":{"start":{"line":3,"column":28},"end":{"line":13,"column":3}},"line":3},"1":{"name":"(anonymous_1)","decl":{"start":{"line":6,"column":23},"end":{"line":6,"column":24}},"loc":{"start":{"line":6,"column":44},"end":{"line":12,"column":5}},"line":6},"2":{"name":"(anonymous_2)","decl":{"start":{"line":7,"column":41},"end":{"line":7,"column":42}},"loc":{"start":{"line":7,"column":47},"end":{"line":11,"column":7}},"line":7},"3":{"name":"(anonymous_3)","decl":{"start":{"line":16,"column":22},"end":{"line":16,"column":23}},"loc":{"start":{"line":16,"column":36},"end":{"line":30,"column":3}},"line":16},"4":{"name":"(anonymous_4)","decl":{"start":{"line":19,"column":44},"end":{"line":19,"column":45}},"loc":{"start":{"line":19,"column":50},"end":{"line":28,"column":7}},"line":19},"5":{"name":"(anonymous_5)","decl":{"start":{"line":20,"column":47},"end":{"line":20,"column":48}},"loc":{"start":{"line":20,"column":57},"end":{"line":20,"column":72}},"line":20},"6":{"name":"(anonymous_6)","decl":{"start":{"line":22,"column":31},"end":{"line":22,"column":32}},"loc":{"start":{"line":22,"column":41},"end":{"line":25,"column":9}},"line":22}},"branchMap":{"0":{"loc":{"start":{"line":18,"column":4},"end":{"line":29,"column":5}},"type":"if","locations":[{"start":{"line":18,"column":4},"end":{"line":29,"column":5}},{"start":{},"end":{}}],"line":18}},"s":{"0":1,"1":3,"2":3,"3":3,"4":0,"5":0,"6":0,"7":0,"8":1,"9":3,"10":3,"11":0,"12":0,"13":0,"14":0,"15":0,"16":0,"17":0,"18":0,"19":0},"f":{"0":3,"1":0,"2":0,"3":3,"4":0,"5":0,"6":0},"b":{"0":[0,3]},"_coverageSchema":"1a1c01bbd47fc00a2c39e90264f33305004495a9","hash":"669c83f3f34d56d6bb9e075f964f23971656d5f9"}
}
