{"/Users/mutai/To-Do-list/src/modules/userActions.js": {"path":"/Users/mutai/To-Do-list/src/modules/userActions.js","statementMap":{"0":{"start":{"line":3,"column":17},"end":{"line":13,"column":3}},"1":{"start":{"line":4,"column":17},"end":{"line":4,"column":48}},"2":{"start":{"line":5,"column":23},"end":{"line":5,"column":72}},"3":{"start":{"line":6,"column":4},"end":{"line":12,"column":7}},"4":{"start":{"line":7,"column":6},"end":{"line":11,"column":9}},"5":{"start":{"line":8,"column":8},"end":{"line":8,"column":48}},"6":{"start":{"line":9,"column":8},"end":{"line":9,"column":57}},"7":{"start":{"line":10,"column":8},"end":{"line":10,"column":61}},"8":{"start":{"line":16,"column":22},"end":{"line":28,"column":3}},"9":{"start":{"line":17,"column":24},"end":{"line":17,"column":66}},"10":{"start":{"line":18,"column":4},"end":{"line":27,"column":7}},"11":{"start":{"line":19,"column":29},"end":{"line":19,"column":71}},"12":{"start":{"line":19,"column":55},"end":{"line":19,"column":70}},"13":{"start":{"line":20,"column":29},"end":{"line":20,"column":31}},"14":{"start":{"line":21,"column":6},"end":{"line":24,"column":9}},"15":{"start":{"line":22,"column":30},"end":{"line":22,"column":73}},"16":{"start":{"line":23,"column":8},"end":{"line":23,"column":43}},"17":{"start":{"line":25,"column":6},"end":{"line":25,"column":68}},"18":{"start":{"line":26,"column":6},"end":{"line":26,"column":33}}},"fnMap":{"0":{"name":"(anonymous_0)","decl":{"start":{"line":3,"column":17},"end":{"line":3,"column":18}},"loc":{"start":{"line":3,"column":28},"end":{"line":13,"column":3}},"line":3},"1":{"name":"(anonymous_1)","decl":{"start":{"line":6,"column":23},"end":{"line":6,"column":24}},"loc":{"start":{"line":6,"column":44},"end":{"line":12,"column":5}},"line":6},"2":{"name":"(anonymous_2)","decl":{"start":{"line":7,"column":41},"end":{"line":7,"column":42}},"loc":{"start":{"line":7,"column":47},"end":{"line":11,"column":7}},"line":7},"3":{"name":"(anonymous_3)","decl":{"start":{"line":16,"column":22},"end":{"line":16,"column":23}},"loc":{"start":{"line":16,"column":36},"end":{"line":28,"column":3}},"line":16},"4":{"name":"(anonymous_4)","decl":{"start":{"line":18,"column":42},"end":{"line":18,"column":43}},"loc":{"start":{"line":18,"column":48},"end":{"line":27,"column":5}},"line":18},"5":{"name":"(anonymous_5)","decl":{"start":{"line":19,"column":45},"end":{"line":19,"column":46}},"loc":{"start":{"line":19,"column":55},"end":{"line":19,"column":70}},"line":19},"6":{"name":"(anonymous_6)","decl":{"start":{"line":21,"column":29},"end":{"line":21,"column":30}},"loc":{"start":{"line":21,"column":39},"end":{"line":24,"column":7}},"line":21}},"branchMap":{},"s":{"0":1,"1":0,"2":0,"3":0,"4":0,"5":0,"6":0,"7":0,"8":1,"9":0,"10":0,"11":0,"12":0,"13":0,"14":0,"15":0,"16":0,"17":0,"18":0},"f":{"0":0,"1":0,"2":0,"3":0,"4":0,"5":0,"6":0},"b":{},"_coverageSchema":"1a1c01bbd47fc00a2c39e90264f33305004495a9","hash":"007ffaca1c348635e0c62f399f2f716440758458"}
}
